# JRE version: OpenJDK Runtime Environment (8.0_242) (build 1.8.0_242-release-1644-b3-6222593)
# Java VM: OpenJDK 64-Bit Server VM (25.242-b3-6222593 mixed mode linux-amd64 compressed oops)
Heap:
 PSYoungGen      total 399872K, used 109901K [0x00000000e0000000, 0x0000000100000000, 0x0000000100000000)
  eden space 344064K, 25% used [0x00000000e0000000,0x00000000e569f608,0x00000000f5000000)
  from space 55808K, 37% used [0x00000000fc980000,0x00000000fde340a0,0x0000000100000000)
  to   space 90112K, 0% used [0x00000000f5000000,0x00000000f5000000,0x00000000fa800000)
 ParOldGen       total 535552K, used 260050K [0x00000000a0000000, 0x00000000c0b00000, 0x00000000e0000000)
  object space 535552K, 48% used [0x00000000a0000000,0x00000000afdf4928,0x00000000c0b00000)
 Metaspace       used 128190K, capacity 135544K, committed 145064K, reserved 1175552K
  class space    used 16111K, capacity 17476K, committed 18608K, reserved 1048576K
GC Heap History (10 events):
Event: 1410.666 GC heap before
{Heap before GC invocations=107 (full 8):
 PSYoungGen      total 477696K, used 440782K [0x00000000e0000000, 0x0000000100000000, 0x0000000100000000)
  eden space 429568K, 100% used [0x00000000e0000000,0x00000000fa380000,0x00000000fa380000)
  from space 48128K, 23% used [0x00000000fd100000,0x00000000fdbf3b88,0x0000000100000000)
  to   space 46592K, 0% used [0x00000000fa380000,0x00000000fa380000,0x00000000fd100000)
 ParOldGen       total 412160K, used 282984K [0x00000000a0000000, 0x00000000b9280000, 0x00000000e0000000)
  object space 412160K, 68% used [0x00000000a0000000,0x00000000b145a160,0x00000000b9280000)
 Metaspace       used 137115K, capacity 144516K, committed 145064K, reserved 1175552K
  class space    used 17028K, capacity 18424K, committed 18608K, reserved 1048576K
Event: 1410.684 GC heap after
Heap after GC invocations=107 (full 8):
 PSYoungGen      total 438784K, used 8927K [0x00000000e0000000, 0x00000000ffb80000, 0x0000000100000000)
  eden space 429568K, 0% used [0x00000000e0000000,0x00000000e0000000,0x00000000fa380000)
  from space 9216K, 96% used [0x00000000fa380000,0x00000000fac37c38,0x00000000fac80000)
  to   space 45056K, 0% used [0x00000000fcf80000,0x00000000fcf80000,0x00000000ffb80000)
 ParOldGen       total 412160K, used 290532K [0x00000000a0000000, 0x00000000b9280000, 0x00000000e0000000)
  object space 412160K, 70% used [0x00000000a0000000,0x00000000b1bb9008,0x00000000b9280000)
 Metaspace       used 137115K, capacity 144516K, committed 145064K, reserved 1175552K
  class space    used 17028K, capacity 18424K, committed 18608K, reserved 1048576K
}
Event: 1411.509 GC heap before
{Heap before GC invocations=108 (full 8):
 PSYoungGen      total 438784K, used 438495K [0x00000000e0000000, 0x00000000ffb80000, 0x0000000100000000)
  eden space 429568K, 100% used [0x00000000e0000000,0x00000000fa380000,0x00000000fa380000)
  from space 9216K, 96% used [0x00000000fa380000,0x00000000fac37c38,0x00000000fac80000)
  to   space 45056K, 0% used [0x00000000fcf80000,0x00000000fcf80000,0x00000000ffb80000)
 ParOldGen       total 412160K, used 290532K [0x00000000a0000000, 0x00000000b9280000, 0x00000000e0000000)
  object space 412160K, 70% used [0x00000000a0000000,0x00000000b1bb9008,0x00000000b9280000)
 Metaspace       used 137153K, capacity 144592K, committed 145064K, reserved 1175552K
  class space    used 17028K, capacity 18424K, committed 18608K, reserved 1048576K
Event: 1411.533 GC heap after
Heap after GC invocations=108 (full 8):
 PSYoungGen      total 457728K, used 45039K [0x00000000e0000000, 0x0000000100000000, 0x0000000100000000)
  eden space 412672K, 0% used [0x00000000e0000000,0x00000000e0000000,0x00000000f9300000)
  from space 45056K, 99% used [0x00000000fcf80000,0x00000000ffb7bcd0,0x00000000ffb80000)
  to   space 55808K, 0% used [0x00000000f9300000,0x00000000f9300000,0x00000000fc980000)
 ParOldGen       total 412160K, used 299618K [0x00000000a0000000, 0x00000000b9280000, 0x00000000e0000000)
  object space 412160K, 72% used [0x00000000a0000000,0x00000000b2498888,0x00000000b9280000)
 Metaspace       used 137153K, capacity 144592K, committed 145064K, reserved 1175552K
  class space    used 17028K, capacity 18424K, committed 18608K, reserved 1048576K
}
Event: 1412.586 GC heap before
{Heap before GC invocations=109 (full 8):
 PSYoungGen      total 457728K, used 457711K [0x00000000e0000000, 0x0000000100000000, 0x0000000100000000)
  eden space 412672K, 100% used [0x00000000e0000000,0x00000000f9300000,0x00000000f9300000)
  from space 45056K, 99% used [0x00000000fcf80000,0x00000000ffb7bcd0,0x00000000ffb80000)
  to   space 55808K, 0% used [0x00000000f9300000,0x00000000f9300000,0x00000000fc980000)
 ParOldGen       total 412160K, used 299618K [0x00000000a0000000, 0x00000000b9280000, 0x00000000e0000000)
  object space 412160K, 72% used [0x00000000a0000000,0x00000000b2498888,0x00000000b9280000)
 Metaspace       used 137249K, capacity 144688K, committed 145064K, reserved 1175552K
  class space    used 17043K, capacity 18456K, committed 18608K, reserved 1048576K
Event: 1412.691 GC heap after
Heap after GC invocations=109 (full 8):
 PSYoungGen      total 468480K, used 55800K [0x00000000e0000000, 0x0000000100000000, 0x0000000100000000)
  eden space 412672K, 0% used [0x00000000e0000000,0x00000000e0000000,0x00000000f9300000)
  from space 55808K, 99% used [0x00000000f9300000,0x00000000fc97e180,0x00000000fc980000)
  to   space 55808K, 0% used [0x00000000fc980000,0x00000000fc980000,0x0000000100000000)
 ParOldGen       total 412160K, used 378590K [0x00000000a0000000, 0x00000000b9280000, 0x00000000e0000000)
  object space 412160K, 91% used [0x00000000a0000000,0x00000000b71b7ae0,0x00000000b9280000)
 Metaspace       used 137249K, capacity 144688K, committed 145064K, reserved 1175552K
  class space    used 17043K, capacity 18456K, committed 18608K, reserved 1048576K
}
Event: 1412.691 GC heap before
{Heap before GC invocations=110 (full 9):
 PSYoungGen      total 468480K, used 55800K [0x00000000e0000000, 0x0000000100000000, 0x0000000100000000)
  eden space 412672K, 0% used [0x00000000e0000000,0x00000000e0000000,0x00000000f9300000)
  from space 55808K, 99% used [0x00000000f9300000,0x00000000fc97e180,0x00000000fc980000)
  to   space 55808K, 0% used [0x00000000fc980000,0x00000000fc980000,0x0000000100000000)
 ParOldGen       total 412160K, used 378590K [0x00000000a0000000, 0x00000000b9280000, 0x00000000e0000000)
  object space 412160K, 91% used [0x00000000a0000000,0x00000000b71b7ae0,0x00000000b9280000)
 Metaspace       used 137249K, capacity 144688K, committed 145064K, reserved 1175552K
  class space    used 17043K, capacity 18456K, committed 18608K, reserved 1048576K
Event: 1413.390 GC heap after
Heap after GC invocations=110 (full 9):
 PSYoungGen      total 468480K, used 0K [0x00000000e0000000, 0x0000000100000000, 0x0000000100000000)
  eden space 412672K, 0% used [0x00000000e0000000,0x00000000e0000000,0x00000000f9300000)
  from space 55808K, 0% used [0x00000000f9300000,0x00000000f9300000,0x00000000fc980000)
  to   space 55808K, 0% used [0x00000000fc980000,0x00000000fc980000,0x0000000100000000)
 ParOldGen       total 535552K, used 260042K [0x00000000a0000000, 0x00000000c0b00000, 0x00000000e0000000)
  object space 535552K, 48% used [0x00000000a0000000,0x00000000afdf2928,0x00000000c0b00000)
 Metaspace       used 126648K, capacity 133906K, committed 145064K, reserved 1175552K
  class space    used 15882K, capacity 17243K, committed 18608K, reserved 1048576K
}
Event: 1418.522 GC heap before
{Heap before GC invocations=111 (full 9):
 PSYoungGen      total 468480K, used 412672K [0x00000000e0000000, 0x0000000100000000, 0x0000000100000000)
  eden space 412672K, 100% used [0x00000000e0000000,0x00000000f9300000,0x00000000f9300000)
  from space 55808K, 0% used [0x00000000f9300000,0x00000000f9300000,0x00000000fc980000)
  to   space 55808K, 0% used [0x00000000fc980000,0x00000000fc980000,0x0000000100000000)
 ParOldGen       total 535552K, used 260042K [0x00000000a0000000, 0x00000000c0b00000, 0x00000000e0000000)
  object space 535552K, 48% used [0x00000000a0000000,0x00000000afdf2928,0x00000000c0b00000)
 Metaspace       used 128109K, capacity 135506K, committed 145064K, reserved 1175552K
  class space    used 16105K, capacity 17469K, committed 18608K, reserved 1048576K
Event: 1418.551 GC heap after
Heap after GC invocations=111 (full 9):
 PSYoungGen      total 399872K, used 21200K [0x00000000e0000000, 0x0000000100000000, 0x0000000100000000)
  eden space 344064K, 0% used [0x00000000e0000000,0x00000000e0000000,0x00000000f5000000)
  from space 55808K, 37% used [0x00000000fc980000,0x00000000fde340a0,0x0000000100000000)
  to   space 90112K, 0% used [0x00000000f5000000,0x00000000f5000000,0x00000000fa800000)
 ParOldGen       total 535552K, used 260050K [0x00000000a0000000, 0x00000000c0b00000, 0x00000000e0000000)
  object space 535552K, 48% used [0x00000000a0000000,0x00000000afdf4928,0x00000000c0b00000)
 Metaspace       used 128109K, capacity 135506K, committed 145064K, reserved 1175552K
  class space    used 16105K, capacity 17469K, committed 18608K, reserved 1048576K
}

